{
  "RSpec": {
    "coverage": {
      "/Users/charlesren/Desktop/turing_work/3modRepeat/projects/lunch_and_learn/config/environment.rb": {
        "lines": [
          null,
          1,
          null,
          null,
          1
        ]
      },
      "/Users/charlesren/Desktop/turing_work/3modRepeat/projects/lunch_and_learn/config/application.rb": {
        "lines": [
          1,
          null,
          1,
          null,
          1,
          1,
          1,
          1,
          1,
          1,
          1,
          1,
          1,
          1,
          null,
          null,
          null,
          null,
          1,
          null,
          1,
          1,
          null,
          1,
          null,
          null,
          null,
          null,
          null,
          null,
          null,
          null,
          null,
          null,
          null,
          null,
          1,
          null,
          null
        ]
      },
      "/Users/charlesren/Desktop/turing_work/3modRepeat/projects/lunch_and_learn/config/boot.rb": {
        "lines": [
          1,
          null,
          1,
          1
        ]
      },
      "/Users/charlesren/Desktop/turing_work/3modRepeat/projects/lunch_and_learn/config/environments/test.rb": {
        "lines": [
          1,
          null,
          null,
          null,
          null,
          null,
          null,
          1,
          null,
          null,
          null,
          1,
          null,
          null,
          null,
          null,
          1,
          null,
          null,
          1,
          1,
          null,
          null,
          null,
          null,
          1,
          1,
          1,
          null,
          null,
          1,
          null,
          null,
          1,
          null,
          null,
          1,
          null,
          1,
          null,
          null,
          null,
          null,
          1,
          null,
          null,
          1,
          null,
          null,
          1,
          null,
          null,
          1,
          null,
          null,
          null,
          null,
          null,
          null,
          null
        ]
      },
      "/Users/charlesren/Desktop/turing_work/3modRepeat/projects/lunch_and_learn/config/initializers/cors.rb": {
        "lines": [
          null,
          null,
          null,
          null,
          null,
          null,
          null,
          null,
          null,
          null,
          null,
          null,
          null,
          null,
          null,
          null
        ]
      },
      "/Users/charlesren/Desktop/turing_work/3modRepeat/projects/lunch_and_learn/config/initializers/filter_parameter_logging.rb": {
        "lines": [
          null,
          null,
          null,
          null,
          null,
          1,
          null,
          null
        ]
      },
      "/Users/charlesren/Desktop/turing_work/3modRepeat/projects/lunch_and_learn/config/initializers/inflections.rb": {
        "lines": [
          null,
          null,
          null,
          null,
          null,
          null,
          null,
          null,
          null,
          null,
          null,
          null,
          null,
          null,
          null,
          null
        ]
      },
      "/Users/charlesren/Desktop/turing_work/3modRepeat/projects/lunch_and_learn/config/routes.rb": {
        "lines": [
          1,
          null,
          null,
          null,
          null,
          null,
          1,
          1,
          1,
          1,
          null,
          null,
          null
        ]
      },
      "/Users/charlesren/Desktop/turing_work/3modRepeat/projects/lunch_and_learn/spec/facades/country_facade_spec.rb": {
        "lines": [
          1,
          null,
          1,
          1,
          1,
          1,
          null,
          1,
          1,
          null,
          null,
          null
        ]
      },
      "/Users/charlesren/Desktop/turing_work/3modRepeat/projects/lunch_and_learn/spec/facades/recipe_facade_spec.rb": {
        "lines": [
          1,
          null,
          1,
          1,
          1,
          1,
          null,
          1,
          null,
          1,
          null,
          1,
          1,
          1,
          1,
          1,
          1,
          null,
          null,
          null
        ]
      },
      "/Users/charlesren/Desktop/turing_work/3modRepeat/projects/lunch_and_learn/spec/poros/air_quality_poro_spec.rb": {
        "lines": [
          1,
          null,
          1,
          1,
          null,
          null,
          1,
          null,
          null,
          null,
          null,
          null,
          null,
          null,
          null,
          null,
          null,
          null,
          null,
          null,
          null,
          null,
          null,
          null,
          null,
          null,
          null,
          null,
          null,
          null,
          null,
          1,
          null,
          1,
          null,
          1,
          1,
          1,
          1,
          1,
          1,
          null,
          null
        ]
      },
      "/Users/charlesren/Desktop/turing_work/3modRepeat/projects/lunch_and_learn/app/poros/air_quality_poro.rb": {
        "lines": [
          1,
          1,
          null,
          1,
          3,
          3,
          3,
          null,
          null,
          1,
          1,
          3,
          null,
          0,
          null,
          3,
          null,
          0,
          null,
          0,
          null,
          0,
          null,
          null,
          null
        ]
      },
      "/Users/charlesren/Desktop/turing_work/3modRepeat/projects/lunch_and_learn/spec/poros/country_poro_spec.rb": {
        "lines": [
          1,
          null,
          1,
          1,
          null,
          null,
          1,
          null,
          null,
          null,
          null,
          null,
          null,
          null,
          null,
          null,
          null,
          null,
          null,
          null,
          null,
          null,
          null,
          null,
          null,
          1,
          null,
          1,
          1,
          1,
          null,
          null
        ]
      },
      "/Users/charlesren/Desktop/turing_work/3modRepeat/projects/lunch_and_learn/app/poros/country_poro.rb": {
        "lines": [
          1,
          1,
          null,
          1,
          null,
          4,
          4,
          null,
          null
        ]
      },
      "/Users/charlesren/Desktop/turing_work/3modRepeat/projects/lunch_and_learn/spec/poros/recipe_poro_spec.rb": {
        "lines": [
          1,
          null,
          1,
          1,
          1,
          null,
          null,
          1,
          null,
          null,
          null,
          null,
          null,
          null,
          null,
          null,
          null,
          null,
          null,
          null,
          null,
          null,
          null,
          null,
          null,
          null,
          null,
          null,
          null,
          null,
          null,
          null,
          null,
          null,
          null,
          null,
          null,
          null,
          null,
          null,
          1,
          null,
          1,
          1,
          1,
          1,
          1,
          null,
          null
        ]
      },
      "/Users/charlesren/Desktop/turing_work/3modRepeat/projects/lunch_and_learn/app/poros/recipe_poro.rb": {
        "lines": [
          1,
          1,
          null,
          1,
          61,
          61,
          61,
          61,
          null,
          null
        ]
      },
      "/Users/charlesren/Desktop/turing_work/3modRepeat/projects/lunch_and_learn/spec/requests/api/v1/air_quality_request_spec.rb": {
        "lines": [
          1,
          null,
          1,
          1,
          1,
          1,
          1,
          1,
          null,
          1,
          null,
          1,
          null,
          1,
          1,
          null,
          1,
          1,
          1,
          null,
          1,
          1,
          1,
          null,
          1,
          1,
          1,
          null,
          1,
          1,
          1,
          null,
          null,
          null,
          null,
          null
        ]
      },
      "/Users/charlesren/Desktop/turing_work/3modRepeat/projects/lunch_and_learn/spec/requests/api/v1/recipes_request_spec.rb": {
        "lines": [
          1,
          null,
          1,
          1,
          1,
          1,
          1,
          1,
          null,
          1,
          null,
          1,
          null,
          1,
          1,
          null,
          1,
          null,
          1,
          1,
          1,
          1,
          1,
          1,
          1,
          1,
          1,
          null,
          null,
          null,
          1,
          1,
          null,
          1,
          null,
          1,
          null,
          1,
          1,
          null,
          1,
          0,
          null,
          0,
          0,
          0,
          0,
          0,
          0,
          0,
          0,
          0,
          null,
          null,
          null,
          null,
          1,
          null,
          null,
          1,
          1,
          1,
          null,
          1,
          null,
          1,
          null,
          1,
          1,
          1,
          null,
          null,
          null,
          1,
          1,
          1,
          null,
          1,
          null,
          1,
          null,
          1,
          1,
          1,
          null,
          null,
          null,
          null,
          null
        ]
      },
      "/Users/charlesren/Desktop/turing_work/3modRepeat/projects/lunch_and_learn/spec/services/air_quality_service_spec.rb": {
        "lines": [
          1,
          null,
          1,
          1,
          1,
          1,
          1,
          null,
          1,
          1,
          1,
          1,
          null,
          1,
          1,
          1,
          null,
          null,
          null
        ]
      },
      "/Users/charlesren/Desktop/turing_work/3modRepeat/projects/lunch_and_learn/spec/services/country_service_spec.rb": {
        "lines": [
          1,
          null,
          1,
          1,
          1,
          1,
          null,
          1,
          null,
          1,
          1,
          1,
          null,
          1,
          1,
          1,
          null,
          null,
          null
        ]
      },
      "/Users/charlesren/Desktop/turing_work/3modRepeat/projects/lunch_and_learn/spec/services/recipe_service_spec.rb": {
        "lines": [
          1,
          null,
          1,
          1,
          1,
          1,
          null,
          1,
          null,
          1,
          1,
          1,
          null,
          1,
          null,
          1,
          null,
          1,
          1,
          1,
          null,
          1,
          1,
          1,
          null,
          1,
          1,
          null,
          null,
          null
        ]
      },
      "/Users/charlesren/Desktop/turing_work/3modRepeat/projects/lunch_and_learn/app/facades/air_quality_facade.rb": {
        "lines": [
          1,
          1,
          2,
          2,
          null,
          2,
          null,
          null
        ]
      },
      "/Users/charlesren/Desktop/turing_work/3modRepeat/projects/lunch_and_learn/app/services/air_quality_service.rb": {
        "lines": [
          1,
          1,
          3,
          null,
          null,
          1,
          3,
          3,
          null,
          null,
          3,
          null,
          null,
          1,
          3,
          null,
          null
        ]
      },
      "/Users/charlesren/Desktop/turing_work/3modRepeat/projects/lunch_and_learn/app/facades/country_facade.rb": {
        "lines": [
          1,
          1,
          2,
          2,
          null,
          2,
          2,
          null,
          null,
          1,
          1,
          1,
          null,
          1,
          null,
          null
        ]
      },
      "/Users/charlesren/Desktop/turing_work/3modRepeat/projects/lunch_and_learn/app/services/country_service.rb": {
        "lines": [
          1,
          1,
          4,
          null,
          null,
          1,
          4,
          null,
          4,
          null,
          null,
          1,
          3,
          null,
          null,
          1,
          1,
          null,
          null
        ]
      },
      "/Users/charlesren/Desktop/turing_work/3modRepeat/projects/lunch_and_learn/app/facades/recipe_facade.rb": {
        "lines": [
          1,
          1,
          6,
          6,
          null,
          null,
          6,
          3,
          60,
          null,
          null,
          null,
          3,
          null,
          null,
          null
        ]
      },
      "/Users/charlesren/Desktop/turing_work/3modRepeat/projects/lunch_and_learn/app/services/recipe_service.rb": {
        "lines": [
          1,
          1,
          7,
          null,
          null,
          1,
          7,
          7,
          7,
          7,
          null,
          null,
          7,
          null,
          null,
          1,
          7,
          null,
          null
        ]
      },
      "/Users/charlesren/Desktop/turing_work/3modRepeat/projects/lunch_and_learn/app/controllers/api/v1/air_quality_controller.rb": {
        "lines": [
          1,
          1,
          1,
          null,
          1,
          1,
          null,
          1,
          null,
          1,
          null,
          null,
          null
        ]
      },
      "/Users/charlesren/Desktop/turing_work/3modRepeat/projects/lunch_and_learn/app/controllers/application_controller.rb": {
        "lines": [
          1,
          null
        ]
      },
      "/Users/charlesren/Desktop/turing_work/3modRepeat/projects/lunch_and_learn/app/serializers/air_quality_serializer.rb": {
        "lines": [
          1,
          1,
          1,
          null
        ]
      },
      "/Users/charlesren/Desktop/turing_work/3modRepeat/projects/lunch_and_learn/app/controllers/api/v1/recipes_controller.rb": {
        "lines": [
          1,
          1,
          4,
          null,
          null,
          4,
          3,
          3,
          1,
          2,
          2,
          null,
          null,
          1,
          1,
          null,
          null,
          null
        ]
      },
      "/Users/charlesren/Desktop/turing_work/3modRepeat/projects/lunch_and_learn/app/serializers/recipe_serializer.rb": {
        "lines": [
          1,
          1,
          1,
          null
        ]
      }
    },
    "timestamp": 1709585898
  }
}
